00:00:00.223905 VirtualBox GUI VM Selector Window 7.2.6 r172322 linux.amd64 (Jan 28 2026 17:11:43) release log
00:00:00.223907 Log opened 2026-03-18T07:17:56.173765000Z
00:00:00.223907 Build Type: release
00:00:00.223909 OS Product: Linux
00:00:00.223909 OS Release: 6.19.8-zen1-1-zen
00:00:00.223910 OS Version: #1 ZEN SMP PREEMPT_DYNAMIC Sat, 14 Mar 2026 01:07:31 +0000
00:00:00.223928 DMI Product Name: XPS 13 7390
00:00:00.223934 DMI Product Version: 
00:00:00.223938 Firmware type: UEFI
00:00:00.224538 Secure Boot: Disabled
00:00:00.224569 Host RAM: 15676MB (15.3GB) total, 15224MB (14.8GB) available
00:00:00.224571 Executable: /usr/lib/virtualbox/VirtualBox
00:00:00.224571 Process ID: 2568
00:00:00.224572 Package type: LINUX_64BITS_GENERIC (OSE)
00:00:00.224598 Qt version: 6.10.2
00:00:00.225492 GUI: UIMediumEnumerator: Initial medium-enumeration finished!
00:00:00.237560 GUI: UIMediumEnumerator: Medium-enumeration started...
00:00:00.705969 GUI: UIDesktopWidgetWatchdog::sltHandleHostScreenAvailableGeometryCalculated: Screen 0 work area is actually resized to: 9x54 x 1902x1017
00:00:00.715331 GUI: UIMediumEnumerator: Medium-enumeration finished!
00:00:07.280556 GUI: UIMediumEnumerator: Medium-enumeration finished!
00:06:08.057417 GUI: UIMediumEnumerator: Medium-enumeration finished!
00:06:17.104320 GUI: UIMediumEnumerator: Medium-enumeration finished!
00:06:17.110790 GUI: UIMediumEnumerator: Medium-enumeration finished!
00:07:59.608657 GUI: UIMediumEnumerator: Medium-enumeration finished!
00:12:04.111222 GUI: UIMediumEnumerator: Medium-enumeration finished!
00:12:04.139020 GUI: UIMediumEnumerator: Medium-enumeration finished!
00:12:53.121918 GUI: UIMediumEnumerator: Medium-enumeration finished!
00:18:15.584263 GUI: UIMediumEnumerator: Medium-enumeration finished!
